<?xml version="1.0" encoding="UTF-8"?>
<!-- Generated by org.testng.reporters.JUnitXMLReporter -->
<testsuite hostname="DESKTOP-R6RCSAI" name="FireFoxTest" tests="4" failures="3" timestamp="21 Dec 2020 09:49:55 GMT" time="129.935" errors="0">
  <testcase name="display" time="3.238" classname="Automation.Assignments.Registraion"/>
  <testcase name="display" time="1.291" classname="Automation.Assignments.Registraion">
    <failure type="java.lang.AssertionError" message="expected [Confirmation!] but found [Register!]">
      <![CDATA[java.lang.AssertionError: expected [Confirmation!] but found [Register!]
	at Automation.Assignments.Registraion.display(Registraion.java:76)
	at java.util.concurrent.FutureTask.run(FutureTask.java:266)
	at java.util.concurrent.ThreadPoolExecutor.runWorker(ThreadPoolExecutor.java:1149)
	at java.util.concurrent.ThreadPoolExecutor$Worker.run(ThreadPoolExecutor.java:624)
	at java.lang.Thread.run(Thread.java:748)
... Removed 21 stack frames]]>
    </failure>
  </testcase> <!-- display -->
  <testcase name="display" time="1.089" classname="Automation.Assignments.Registraion">
    <failure type="java.lang.AssertionError" message="expected [Confirmation!] but found [Register!]">
      <![CDATA[java.lang.AssertionError: expected [Confirmation!] but found [Register!]
	at Automation.Assignments.Registraion.display(Registraion.java:76)
	at java.util.concurrent.FutureTask.run(FutureTask.java:266)
	at java.util.concurrent.ThreadPoolExecutor.runWorker(ThreadPoolExecutor.java:1149)
	at java.util.concurrent.ThreadPoolExecutor$Worker.run(ThreadPoolExecutor.java:624)
	at java.lang.Thread.run(Thread.java:748)
... Removed 21 stack frames]]>
    </failure>
  </testcase> <!-- display -->
  <testcase name="display" time="0.991" classname="Automation.Assignments.Registraion">
    <failure type="java.lang.AssertionError" message="expected [Confirmation!] but found [Register!]">
      <![CDATA[java.lang.AssertionError: expected [Confirmation!] but found [Register!]
	at Automation.Assignments.Registraion.display(Registraion.java:76)
	at java.util.concurrent.FutureTask.run(FutureTask.java:266)
	at java.util.concurrent.ThreadPoolExecutor.runWorker(ThreadPoolExecutor.java:1149)
	at java.util.concurrent.ThreadPoolExecutor$Worker.run(ThreadPoolExecutor.java:624)
	at java.lang.Thread.run(Thread.java:748)
... Removed 21 stack frames]]>
    </failure>
  </testcase> <!-- display -->
</testsuite> <!-- FireFoxTest -->
