<?xml version="1.0" encoding="UTF-8"?>
<testng-results skipped="0" failed="1" total="4" passed="3">
  <reporter-output>
  </reporter-output>
  <suite name="Suite" duration-ms="46729" started-at="2020-12-21T13:37:28Z" finished-at="2020-12-21T13:38:15Z">
    <groups>
    </groups>
    <test name="ChromeTest" duration-ms="46729" started-at="2020-12-21T13:37:28Z" finished-at="2020-12-21T13:38:15Z">
      <class name="Automation.Assignments.Registraion">
        <test-method status="PASS" signature="beforeM(java.lang.String)[pri:0, instance:Automation.Assignments.Registraion@341b80b2]" name="beforeM" is-config="true" duration-ms="9800" started-at="2020-12-21T19:07:30Z" finished-at="2020-12-21T19:07:40Z">
          <params>
            <param index="0">
              <value>
                <![CDATA[Chrome]]>
              </value>
            </param>
          </params>
          <reporter-output>
          </reporter-output>
        </test-method> <!-- beforeM -->
        <test-method status="PASS" signature="display(java.lang.String, java.lang.String, java.lang.String, java.lang.String, java.lang.String)[pri:0, instance:Automation.Assignments.Registraion@341b80b2]" name="display" duration-ms="3077" started-at="2020-12-21T19:07:40Z" data-provider="getTestdata" finished-at="2020-12-21T19:07:43Z">
          <params>
            <param index="0">
              <value>
                <![CDATA[shweta]]>
              </value>
            </param>
            <param index="1">
              <value>
                <![CDATA[chougale]]>
              </value>
            </param>
            <param index="2">
              <value>
                <![CDATA[shwetachougale]]>
              </value>
            </param>
            <param index="3">
              <value>
                <![CDATA[shweta]]>
              </value>
            </param>
            <param index="4">
              <value>
                <![CDATA[shweta]]>
              </value>
            </param>
          </params>
          <reporter-output>
          </reporter-output>
        </test-method> <!-- display -->
        <test-method status="PASS" signature="after()[pri:0, instance:Automation.Assignments.Registraion@341b80b2]" name="after" is-config="true" duration-ms="180" started-at="2020-12-21T19:07:43Z" finished-at="2020-12-21T19:07:43Z">
          <reporter-output>
          </reporter-output>
        </test-method> <!-- after -->
        <test-method status="PASS" signature="beforeM(java.lang.String)[pri:0, instance:Automation.Assignments.Registraion@341b80b2]" name="beforeM" is-config="true" duration-ms="6300" started-at="2020-12-21T19:07:43Z" finished-at="2020-12-21T19:07:50Z">
          <params>
            <param index="0">
              <value>
                <![CDATA[Chrome]]>
              </value>
            </param>
          </params>
          <reporter-output>
          </reporter-output>
        </test-method> <!-- beforeM -->
        <test-method status="PASS" signature="display(java.lang.String, java.lang.String, java.lang.String, java.lang.String, java.lang.String)[pri:0, instance:Automation.Assignments.Registraion@341b80b2]" name="display" duration-ms="2931" started-at="2020-12-21T19:07:50Z" data-provider="getTestdata" finished-at="2020-12-21T19:07:53Z">
          <params>
            <param index="0">
              <value>
                <![CDATA[pallavi]]>
              </value>
            </param>
            <param index="1">
              <value>
                <![CDATA[chougale]]>
              </value>
            </param>
            <param index="2">
              <value>
                <![CDATA[dsd]]>
              </value>
            </param>
            <param index="3">
              <value>
                <![CDATA[pallavi]]>
              </value>
            </param>
            <param index="4">
              <value>
                <![CDATA[pallavi]]>
              </value>
            </param>
          </params>
          <reporter-output>
          </reporter-output>
        </test-method> <!-- display -->
        <test-method status="PASS" signature="after()[pri:0, instance:Automation.Assignments.Registraion@341b80b2]" name="after" is-config="true" duration-ms="2655" started-at="2020-12-21T19:07:53Z" finished-at="2020-12-21T19:07:55Z">
          <reporter-output>
          </reporter-output>
        </test-method> <!-- after -->
        <test-method status="PASS" signature="beforeM(java.lang.String)[pri:0, instance:Automation.Assignments.Registraion@341b80b2]" name="beforeM" is-config="true" duration-ms="8664" started-at="2020-12-21T19:07:55Z" finished-at="2020-12-21T19:08:04Z">
          <params>
            <param index="0">
              <value>
                <![CDATA[Chrome]]>
              </value>
            </param>
          </params>
          <reporter-output>
          </reporter-output>
        </test-method> <!-- beforeM -->
        <test-method status="PASS" signature="display(java.lang.String, java.lang.String, java.lang.String, java.lang.String, java.lang.String)[pri:0, instance:Automation.Assignments.Registraion@341b80b2]" name="display" duration-ms="2685" started-at="2020-12-21T19:08:04Z" data-provider="getTestdata" finished-at="2020-12-21T19:08:07Z">
          <params>
            <param index="0">
              <value>
                <![CDATA[kartik]]>
              </value>
            </param>
            <param index="1">
              <value>
                <![CDATA[dsd]]>
              </value>
            </param>
            <param index="2">
              <value>
                <![CDATA[kartikchougale]]>
              </value>
            </param>
            <param index="3">
              <value>
                <![CDATA[abc]]>
              </value>
            </param>
            <param index="4">
              <value>
                <![CDATA[abc]]>
              </value>
            </param>
          </params>
          <reporter-output>
          </reporter-output>
        </test-method> <!-- display -->
        <test-method status="PASS" signature="after()[pri:0, instance:Automation.Assignments.Registraion@341b80b2]" name="after" is-config="true" duration-ms="177" started-at="2020-12-21T19:08:07Z" finished-at="2020-12-21T19:08:07Z">
          <reporter-output>
          </reporter-output>
        </test-method> <!-- after -->
        <test-method status="PASS" signature="beforeM(java.lang.String)[pri:0, instance:Automation.Assignments.Registraion@341b80b2]" name="beforeM" is-config="true" duration-ms="6318" started-at="2020-12-21T19:08:07Z" finished-at="2020-12-21T19:08:13Z">
          <params>
            <param index="0">
              <value>
                <![CDATA[Chrome]]>
              </value>
            </param>
          </params>
          <reporter-output>
          </reporter-output>
        </test-method> <!-- beforeM -->
        <test-method status="FAIL" signature="display(java.lang.String, java.lang.String, java.lang.String, java.lang.String, java.lang.String)[pri:0, instance:Automation.Assignments.Registraion@341b80b2]" name="display" duration-ms="1694" started-at="2020-12-21T19:08:13Z" data-provider="getTestdata" finished-at="2020-12-21T19:08:15Z">
          <params>
            <param index="0">
              <value>
                <![CDATA[asha]]>
              </value>
            </param>
            <param index="1">
              <value>
                <![CDATA[pasle]]>
              </value>
            </param>
            <param index="2">
              <value>
                <![CDATA[ashapasale]]>
              </value>
            </param>
            <param index="3">
              <value>
                <![CDATA[abc]]>
              </value>
            </param>
            <param index="4">
              <value>
                <![CDATA[sds]]>
              </value>
            </param>
          </params>
          <exception class="java.lang.AssertionError">
            <message>
              <![CDATA[expected [Confirmation!] but found [Register!]]]>
            </message>
            <full-stacktrace>
              <![CDATA[java.lang.AssertionError: expected [Confirmation!] but found [Register!]
	at org.testng.Assert.fail(Assert.java:94)
	at org.testng.Assert.failNotEquals(Assert.java:494)
	at org.testng.Assert.assertEquals(Assert.java:123)
	at org.testng.Assert.assertEquals(Assert.java:176)
	at org.testng.Assert.assertEquals(Assert.java:186)
	at Automation.Assignments.Registraion.display(Registraion.java:65)
	at sun.reflect.NativeMethodAccessorImpl.invoke0(Native Method)
	at sun.reflect.NativeMethodAccessorImpl.invoke(NativeMethodAccessorImpl.java:62)
	at sun.reflect.DelegatingMethodAccessorImpl.invoke(DelegatingMethodAccessorImpl.java:43)
	at java.lang.reflect.Method.invoke(Method.java:498)
	at org.testng.internal.MethodInvocationHelper.invokeMethod(MethodInvocationHelper.java:80)
	at org.testng.internal.Invoker.invokeMethod(Invoker.java:714)
	at org.testng.internal.Invoker.invokeTestMethod(Invoker.java:901)
	at org.testng.internal.Invoker.invokeTestMethods(Invoker.java:1231)
	at org.testng.internal.TestMethodWorker.invokeTestMethods(TestMethodWorker.java:127)
	at org.testng.internal.TestMethodWorker.run(TestMethodWorker.java:111)
	at org.testng.TestRunner.privateRun(TestRunner.java:767)
	at org.testng.TestRunner.run(TestRunner.java:617)
	at org.testng.SuiteRunner.runTest(SuiteRunner.java:334)
	at org.testng.SuiteRunner.access$000(SuiteRunner.java:37)
	at org.testng.SuiteRunner$SuiteWorker.run(SuiteRunner.java:368)
	at org.testng.internal.thread.ThreadUtil$2.call(ThreadUtil.java:64)
	at java.util.concurrent.FutureTask.run(FutureTask.java:266)
	at java.util.concurrent.ThreadPoolExecutor.runWorker(ThreadPoolExecutor.java:1149)
	at java.util.concurrent.ThreadPoolExecutor$Worker.run(ThreadPoolExecutor.java:624)
	at java.lang.Thread.run(Thread.java:748)
]]>
            </full-stacktrace>
          </exception> <!-- java.lang.AssertionError -->
          <reporter-output>
          </reporter-output>
        </test-method> <!-- display -->
        <test-method status="PASS" signature="after()[pri:0, instance:Automation.Assignments.Registraion@341b80b2]" name="after" is-config="true" duration-ms="220" started-at="2020-12-21T19:08:15Z" finished-at="2020-12-21T19:08:15Z">
          <reporter-output>
          </reporter-output>
        </test-method> <!-- after -->
      </class> <!-- Automation.Assignments.Registraion -->
    </test> <!-- ChromeTest -->
  </suite> <!-- Suite -->
</testng-results>
